<?xml version="1.0" encoding="UTF-8"?>
<testsuite name="apis.StarWarsApi" tests="1" skipped="0" failures="0" errors="0" timestamp="2021-02-02T04:57:58" hostname="coderio-ThinkPad-T430" time="4.202">
  <properties/>
  <testcase name="ultimaPelicula" classname="apis.StarWarsApi" time="4.202"/>
  <system-out><![CDATA[La ultima pelicula donde aparecio: null
La ultima pelicula donde aparecio: null
La ultima pelicula donde aparecio: null
]]></system-out>
  <system-err><![CDATA[]]></system-err>
</testsuite>
